<?xml version="1.0" encoding="UTF-8"?>
<testng-results ignored="0" total="3" passed="2" failed="1" skipped="0">
  <reporter-output>
  </reporter-output>
  <suite started-at="2024-08-27T21:22:13 GMT+07:00" name="Default suite" finished-at="2024-08-27T21:25:25 GMT+07:00" duration-ms="192323">
    <groups>
    </groups>
    <test started-at="2024-08-27T21:22:13 GMT+07:00" name="Default test" finished-at="2024-08-27T21:25:25 GMT+07:00" duration-ms="192323">
      <class name="automation.page.SigninTest_day14">
        <test-method is-config="true" signature="openChrome()[pri:0, instance:automation.page.SigninTest_day14@3ee37e5a]" started-at="2024-08-27T21:22:13 GMT+07:00" name="openChrome" finished-at="2024-08-27T21:22:36 GMT+07:00" duration-ms="22943" status="PASS">
          <reporter-output>
          </reporter-output>
        </test-method> <!-- openChrome -->
        <test-method signature="LoginSuccessfully()[pri:0, instance:automation.page.SigninTest_day14@3ee37e5a]" started-at="2024-08-27T21:22:36 GMT+07:00" name="LoginSuccessfully" finished-at="2024-08-27T21:23:17 GMT+07:00" duration-ms="40948" status="PASS">
          <reporter-output>
          </reporter-output>
        </test-method> <!-- LoginSuccessfully -->
        <test-method is-config="true" signature="openChrome()[pri:0, instance:automation.page.SigninTest_day14@3ee37e5a]" started-at="2024-08-27T21:23:17 GMT+07:00" name="openChrome" finished-at="2024-08-27T21:23:38 GMT+07:00" duration-ms="21225" status="PASS">
          <reporter-output>
          </reporter-output>
        </test-method> <!-- openChrome -->
        <test-method signature="editPassword()[pri:0, instance:automation.page.SigninTest_day14@3ee37e5a]" started-at="2024-08-27T21:23:38 GMT+07:00" name="editPassword" finished-at="2024-08-27T21:24:19 GMT+07:00" duration-ms="40922" status="FAIL">
          <exception class="java.lang.Error">
            <message>
              <![CDATA[Unresolved compilation problems: 
Syntax error on token ";", delete this token
btnEditInfor cannot be resolved or is not a field
]]>
            </message>
            <full-stacktrace>
              <![CDATA[java.lang.Error: Unresolved compilation problems: 
Syntax error on token ";", delete this token
btnEditInfor cannot be resolved or is not a field

at automation.page.SigninPage_day14.Login_information(SigninPage_day14.java:41)
at automation.page.SigninTest_day14.editPassword(SigninTest_day14.java:36)
at java.base/jdk.internal.reflect.DirectMethodHandleAccessor.invoke(DirectMethodHandleAccessor.java:103)
at java.base/java.lang.reflect.Method.invoke(Method.java:580)
at org.testng.internal.MethodInvocationHelper.invokeMethod(MethodInvocationHelper.java:133)
at org.testng.internal.TestInvoker.invokeMethod(TestInvoker.java:598)
at org.testng.internal.TestInvoker.invokeTestMethod(TestInvoker.java:173)
at org.testng.internal.MethodRunner.runInSequence(MethodRunner.java:46)
at org.testng.internal.TestInvoker$MethodInvocationAgent.invoke(TestInvoker.java:824)
at org.testng.internal.TestInvoker.invokeTestMethods(TestInvoker.java:146)
at org.testng.internal.TestMethodWorker.invokeTestMethods(TestMethodWorker.java:146)
at org.testng.internal.TestMethodWorker.run(TestMethodWorker.java:128)
at java.base/java.util.ArrayList.forEach(ArrayList.java:1596)
at org.testng.TestRunner.privateRun(TestRunner.java:794)
at org.testng.TestRunner.run(TestRunner.java:596)
at org.testng.SuiteRunner.runTest(SuiteRunner.java:377)
at org.testng.SuiteRunner.runSequentially(SuiteRunner.java:371)
at org.testng.SuiteRunner.privateRun(SuiteRunner.java:332)
at org.testng.SuiteRunner.run(SuiteRunner.java:276)
at org.testng.SuiteRunnerWorker.runSuite(SuiteRunnerWorker.java:53)
at org.testng.SuiteRunnerWorker.run(SuiteRunnerWorker.java:96)
at org.testng.TestNG.runSuitesSequentially(TestNG.java:1212)
at org.testng.TestNG.runSuitesLocally(TestNG.java:1134)
at org.testng.TestNG.runSuites(TestNG.java:1063)
at org.testng.TestNG.run(TestNG.java:1031)
at org.testng.remote.AbstractRemoteTestNG.run(AbstractRemoteTestNG.java:115)
at org.testng.remote.RemoteTestNG.initAndRun(RemoteTestNG.java:293)
at org.testng.remote.RemoteTestNG.main(RemoteTestNG.java:91)
]]>
            </full-stacktrace>
          </exception> <!-- java.lang.Error -->
          <reporter-output>
          </reporter-output>
        </test-method> <!-- editPassword -->
        <test-method is-config="true" signature="openChrome()[pri:0, instance:automation.page.SigninTest_day14@3ee37e5a]" started-at="2024-08-27T21:24:19 GMT+07:00" name="openChrome" finished-at="2024-08-27T21:24:42 GMT+07:00" duration-ms="23603" status="PASS">
          <reporter-output>
          </reporter-output>
        </test-method> <!-- openChrome -->
        <test-method signature="signinSuccessfully()[pri:0, instance:automation.page.SigninTest_day14@3ee37e5a]" started-at="2024-08-27T21:24:42 GMT+07:00" name="signinSuccessfully" finished-at="2024-08-27T21:25:25 GMT+07:00" duration-ms="42615" status="PASS">
          <reporter-output>
          </reporter-output>
        </test-method> <!-- signinSuccessfully -->
      </class> <!-- automation.page.SigninTest_day14 -->
    </test> <!-- Default test -->
  </suite> <!-- Default suite -->
</testng-results>
