<?xml version="1.0" encoding="UTF-8"?>
<!-- Generated by org.testng.reporters.JUnitXMLReporter -->
<testsuite ignored="0" hostname="Admin-PC" failures="0" tests="2" name="Regression test test suite on edge" time="16.252" errors="0" timestamp="2024-09-18T01:13:30 GMT+07:00">
  <testcase classname="automation.testsuite.Day16_btvn_03" name="deleteCustomer" time="1.082"/>
  <testcase classname="automation.testsuite.Day16_iFrame" name="handleIframeDangkyTuVan" time="2.621"/>
</testsuite> <!-- Regression test test suite on edge -->
