<?xml version="1.0" encoding="UTF-8"?>
<!-- Generated by org.testng.reporters.JUnitXMLReporter -->
<testsuite ignored="0" hostname="Admin-PC" failures="0" tests="2" name="Regression test test suite on firefox" time="19.464" errors="0" timestamp="2024-09-18T01:13:14 GMT+07:00">
  <testcase classname="automation.testsuite.Day16_btvn_03" name="deleteCustomer" time="1.102"/>
  <testcase classname="automation.testsuite.Day16_iFrame" name="handleIframeDangkyTuVan" time="2.162"/>
</testsuite> <!-- Regression test test suite on firefox -->
